Base path: /Applications/Unity/Unity.app/Contents
Pipe name: \\.\pipe\UnityShaderCompiler-64bit-1-2033901568
Cmd: getPlatforms
Cmd: preprocess
  insize=2054 outsize=1259 ok=1
Cmd: compileSnippet
  api=0 type=0 insize=1093 outsize=532 kw= pd= ok=1
Cmd: compileSnippet
  api=0 type=1 insize=1093 outsize=6 kw= pd= ok=1
Cmd: preprocess
  insize=840 outsize=837 ok=1
Cmd: preprocess
  insize=1364 outsize=1361 ok=1
Cmd: preprocess
  insize=1190 outsize=1187 ok=1
Cmd: compileSnippet
  api=0 type=0 insize=958 outsize=583 kw= pd= ok=1
Cmd: compileSnippet
  api=0 type=1 insize=958 outsize=6 kw= pd= ok=1
Cmd: compileSnippet
  api=0 type=0 insize=1151 outsize=374 kw= pd= ok=1
Cmd: compileSnippet
  api=0 type=1 insize=1151 outsize=6 kw= pd= ok=1
